0 info it worked if it ends with ok
1 verbose cli [ '/usr/bin/nodejs', '/usr/bin/npm', 'run', 'local' ]
2 info using npm@3.10.10
3 info using node@v6.11.0
4 verbose run-script [ 'prelocal', 'local', 'postlocal' ]
5 info lifecycle temp-storage-s3@1.0.0~prelocal: temp-storage-s3@1.0.0
6 silly lifecycle temp-storage-s3@1.0.0~prelocal: no script for prelocal, continuing
7 info lifecycle temp-storage-s3@1.0.0~local: temp-storage-s3@1.0.0
8 verbose lifecycle temp-storage-s3@1.0.0~local: unsafe-perm in lifecycle true
9 verbose lifecycle temp-storage-s3@1.0.0~local: PATH: /usr/lib/node_modules/npm/bin/node-gyp-bin:/home/gusrod/workspace/temp-storage-aws/lambda-backend/node_modules/.bin:/home/gusrod/bin:/home/gusrod/.local/bin:/home/gusrod/bin:/home/gusrod/.local/bin:/usr/local/sbin:/usr/local/bin:/usr/sbin:/usr/bin:/sbin:/bin:/usr/games:/usr/local/games:/snap/bin:/usr/lib/jvm/java-9-oracle/bin:/usr/lib/jvm/java-9-oracle/db/bin:/snap/bin:/usr/lib/jvm/java-9-oracle/bin:/usr/lib/jvm/java-9-oracle/db/bin
10 verbose lifecycle temp-storage-s3@1.0.0~local: CWD: /home/gusrod/workspace/temp-storage-aws/lambda-backend
11 silly lifecycle temp-storage-s3@1.0.0~local: Args: [ '-c', 'nodeamon app.local.js' ]
12 info lifecycle temp-storage-s3@1.0.0~local: Failed to exec local script
13 verbose stack Error: temp-storage-s3@1.0.0 local: `nodeamon app.local.js`
13 verbose stack spawn ENOENT
13 verbose stack     at ChildProcess.<anonymous> (/usr/lib/node_modules/npm/lib/utils/spawn.js:33:16)
13 verbose stack     at emitTwo (events.js:106:13)
13 verbose stack     at ChildProcess.emit (events.js:191:7)
13 verbose stack     at maybeClose (internal/child_process.js:891:16)
13 verbose stack     at Process.ChildProcess._handle.onexit (internal/child_process.js:226:5)
14 verbose pkgid temp-storage-s3@1.0.0
15 verbose cwd /home/gusrod/workspace/temp-storage-aws/lambda-backend
16 error Linux 4.4.0-124-generic
17 error argv "/usr/bin/nodejs" "/usr/bin/npm" "run" "local"
18 error node v6.11.0
19 error npm  v3.10.10
20 error file sh
21 error code ELIFECYCLE
22 error errno ENOENT
23 error syscall spawn
24 error temp-storage-s3@1.0.0 local: `nodeamon app.local.js`
24 error spawn ENOENT
25 error Failed at the temp-storage-s3@1.0.0 local script 'nodeamon app.local.js'.
25 error Make sure you have the latest version of node.js and npm installed.
25 error If you do, this is most likely a problem with the temp-storage-s3 package,
25 error not with npm itself.
25 error Tell the author that this fails on your system:
25 error     nodeamon app.local.js
25 error You can get information on how to open an issue for this project with:
25 error     npm bugs temp-storage-s3
25 error Or if that isn't available, you can get their info via:
25 error     npm owner ls temp-storage-s3
25 error There is likely additional logging output above.
26 verbose exit [ 1, true ]
